[0.073s] DEBUG:colcon:Command line arguments: ['/usr/bin/colcon', 'build']
[0.073s] DEBUG:colcon:Parsed command line arguments: Namespace(log_base=None, log_level=None, verb_name='build', build_base='build', install_base='install', merge_install=False, symlink_install=False, test_result_base=None, continue_on_error=False, executor='parallel', parallel_workers=8, event_handlers=None, ignore_user_meta=False, metas=['./colcon.meta'], base_paths=['.'], packages_ignore=None, packages_ignore_regex=None, paths=None, packages_up_to=None, packages_up_to_regex=None, packages_above=None, packages_above_and_dependencies=None, packages_above_depth=None, packages_select_by_dep=None, packages_skip_by_dep=None, packages_skip_up_to=None, packages_select_build_failed=False, packages_skip_build_finished=False, packages_select_test_failures=False, packages_skip_test_passed=False, packages_select=None, packages_skip=None, packages_select_regex=None, packages_skip_regex=None, packages_start=None, packages_end=None, allow_overriding=[], cmake_args=None, cmake_target=None, cmake_target_skip_unavailable=False, cmake_clean_cache=False, cmake_clean_first=False, cmake_force_configure=False, ament_cmake_args=None, catkin_cmake_args=None, catkin_skip_building_tests=False, mixin_files=None, mixin=None, verb_parser=<colcon_mixin.mixin.mixin_argument.MixinArgumentDecorator object at 0x7e34af82f610>, verb_extension=<colcon_core.verb.build.BuildVerb object at 0x7e34af82ef80>, main=<bound method BuildVerb.main of <colcon_core.verb.build.BuildVerb object at 0x7e34af82ef80>>, mixin_verb=('build',))
[0.181s] Level 1:colcon.colcon_core.package_discovery:discover_packages(colcon_meta) check parameters
[0.182s] Level 1:colcon.colcon_core.package_discovery:discover_packages(recursive) check parameters
[0.182s] Level 1:colcon.colcon_core.package_discovery:discover_packages(ignore) check parameters
[0.182s] Level 1:colcon.colcon_core.package_discovery:discover_packages(path) check parameters
[0.182s] Level 1:colcon.colcon_core.package_discovery:discover_packages(colcon_meta) discover
[0.182s] Level 1:colcon.colcon_core.package_discovery:discover_packages(recursive) discover
[0.182s] INFO:colcon.colcon_core.package_discovery:Crawling recursively for packages in '/home/minji/spade-simulator'
[0.182s] Level 1:colcon.colcon_core.package_identification:_identify(.) by extensions ['ignore', 'ignore_ament_install']
[0.182s] Level 1:colcon.colcon_core.package_identification:_identify(.) by extension 'ignore'
[0.182s] Level 1:colcon.colcon_core.package_identification:_identify(.) by extension 'ignore_ament_install'
[0.182s] Level 1:colcon.colcon_core.package_identification:_identify(.) by extensions ['colcon_pkg']
[0.182s] Level 1:colcon.colcon_core.package_identification:_identify(.) by extension 'colcon_pkg'
[0.182s] Level 1:colcon.colcon_core.package_identification:_identify(.) by extensions ['colcon_meta']
[0.182s] Level 1:colcon.colcon_core.package_identification:_identify(.) by extension 'colcon_meta'
[0.182s] Level 1:colcon.colcon_core.package_identification:_identify(.) by extensions ['ros']
[0.182s] Level 1:colcon.colcon_core.package_identification:_identify(.) by extension 'ros'
[0.189s] Level 1:colcon.colcon_core.package_identification:_identify(.) by extensions ['cmake', 'python']
[0.189s] Level 1:colcon.colcon_core.package_identification:_identify(.) by extension 'cmake'
[0.189s] Level 1:colcon.colcon_core.package_identification:_identify(.) by extension 'python'
[0.189s] Level 1:colcon.colcon_core.package_identification:_identify(.) by extensions ['python_setup_py']
[0.189s] Level 1:colcon.colcon_core.package_identification:_identify(.) by extension 'python_setup_py'
[0.190s] Level 1:colcon.colcon_core.package_identification:_identify(__pycache__) by extensions ['ignore', 'ignore_ament_install']
[0.190s] Level 1:colcon.colcon_core.package_identification:_identify(__pycache__) by extension 'ignore'
[0.190s] Level 1:colcon.colcon_core.package_identification:_identify(__pycache__) by extension 'ignore_ament_install'
[0.190s] Level 1:colcon.colcon_core.package_identification:_identify(__pycache__) by extensions ['colcon_pkg']
[0.190s] Level 1:colcon.colcon_core.package_identification:_identify(__pycache__) by extension 'colcon_pkg'
[0.190s] Level 1:colcon.colcon_core.package_identification:_identify(__pycache__) by extensions ['colcon_meta']
[0.190s] Level 1:colcon.colcon_core.package_identification:_identify(__pycache__) by extension 'colcon_meta'
[0.190s] Level 1:colcon.colcon_core.package_identification:_identify(__pycache__) by extensions ['ros']
[0.190s] Level 1:colcon.colcon_core.package_identification:_identify(__pycache__) by extension 'ros'
[0.190s] Level 1:colcon.colcon_core.package_identification:_identify(__pycache__) by extensions ['cmake', 'python']
[0.190s] Level 1:colcon.colcon_core.package_identification:_identify(__pycache__) by extension 'cmake'
[0.190s] Level 1:colcon.colcon_core.package_identification:_identify(__pycache__) by extension 'python'
[0.190s] Level 1:colcon.colcon_core.package_identification:_identify(__pycache__) by extensions ['python_setup_py']
[0.190s] Level 1:colcon.colcon_core.package_identification:_identify(__pycache__) by extension 'python_setup_py'
[0.190s] Level 1:colcon.colcon_core.package_identification:_identify(assets) by extensions ['ignore', 'ignore_ament_install']
[0.190s] Level 1:colcon.colcon_core.package_identification:_identify(assets) by extension 'ignore'
[0.190s] Level 1:colcon.colcon_core.package_identification:_identify(assets) by extension 'ignore_ament_install'
[0.190s] Level 1:colcon.colcon_core.package_identification:_identify(assets) by extensions ['colcon_pkg']
[0.190s] Level 1:colcon.colcon_core.package_identification:_identify(assets) by extension 'colcon_pkg'
[0.190s] Level 1:colcon.colcon_core.package_identification:_identify(assets) by extensions ['colcon_meta']
[0.190s] Level 1:colcon.colcon_core.package_identification:_identify(assets) by extension 'colcon_meta'
[0.190s] Level 1:colcon.colcon_core.package_identification:_identify(assets) by extensions ['ros']
[0.190s] Level 1:colcon.colcon_core.package_identification:_identify(assets) by extension 'ros'
[0.190s] Level 1:colcon.colcon_core.package_identification:_identify(assets) by extensions ['cmake', 'python']
[0.190s] Level 1:colcon.colcon_core.package_identification:_identify(assets) by extension 'cmake'
[0.190s] Level 1:colcon.colcon_core.package_identification:_identify(assets) by extension 'python'
[0.190s] Level 1:colcon.colcon_core.package_identification:_identify(assets) by extensions ['python_setup_py']
[0.190s] Level 1:colcon.colcon_core.package_identification:_identify(assets) by extension 'python_setup_py'
[0.190s] Level 1:colcon.colcon_core.package_identification:_identify(bt_xml) by extensions ['ignore', 'ignore_ament_install']
[0.190s] Level 1:colcon.colcon_core.package_identification:_identify(bt_xml) by extension 'ignore'
[0.191s] Level 1:colcon.colcon_core.package_identification:_identify(bt_xml) by extension 'ignore_ament_install'
[0.191s] Level 1:colcon.colcon_core.package_identification:_identify(bt_xml) by extensions ['colcon_pkg']
[0.191s] Level 1:colcon.colcon_core.package_identification:_identify(bt_xml) by extension 'colcon_pkg'
[0.191s] Level 1:colcon.colcon_core.package_identification:_identify(bt_xml) by extensions ['colcon_meta']
[0.191s] Level 1:colcon.colcon_core.package_identification:_identify(bt_xml) by extension 'colcon_meta'
[0.191s] Level 1:colcon.colcon_core.package_identification:_identify(bt_xml) by extensions ['ros']
[0.191s] Level 1:colcon.colcon_core.package_identification:_identify(bt_xml) by extension 'ros'
[0.191s] Level 1:colcon.colcon_core.package_identification:_identify(bt_xml) by extensions ['cmake', 'python']
[0.191s] Level 1:colcon.colcon_core.package_identification:_identify(bt_xml) by extension 'cmake'
[0.191s] Level 1:colcon.colcon_core.package_identification:_identify(bt_xml) by extension 'python'
[0.191s] Level 1:colcon.colcon_core.package_identification:_identify(bt_xml) by extensions ['python_setup_py']
[0.191s] Level 1:colcon.colcon_core.package_identification:_identify(bt_xml) by extension 'python_setup_py'
[0.191s] Level 1:colcon.colcon_core.package_identification:_identify(build) by extensions ['ignore', 'ignore_ament_install']
[0.191s] Level 1:colcon.colcon_core.package_identification:_identify(build) by extension 'ignore'
[0.191s] Level 1:colcon.colcon_core.package_identification:_identify(build) ignored
[0.191s] Level 1:colcon.colcon_core.package_identification:_identify(config) by extensions ['ignore', 'ignore_ament_install']
[0.191s] Level 1:colcon.colcon_core.package_identification:_identify(config) by extension 'ignore'
[0.191s] Level 1:colcon.colcon_core.package_identification:_identify(config) by extension 'ignore_ament_install'
[0.191s] Level 1:colcon.colcon_core.package_identification:_identify(config) by extensions ['colcon_pkg']
[0.191s] Level 1:colcon.colcon_core.package_identification:_identify(config) by extension 'colcon_pkg'
[0.191s] Level 1:colcon.colcon_core.package_identification:_identify(config) by extensions ['colcon_meta']
[0.191s] Level 1:colcon.colcon_core.package_identification:_identify(config) by extension 'colcon_meta'
[0.191s] Level 1:colcon.colcon_core.package_identification:_identify(config) by extensions ['ros']
[0.191s] Level 1:colcon.colcon_core.package_identification:_identify(config) by extension 'ros'
[0.191s] Level 1:colcon.colcon_core.package_identification:_identify(config) by extensions ['cmake', 'python']
[0.191s] Level 1:colcon.colcon_core.package_identification:_identify(config) by extension 'cmake'
[0.191s] Level 1:colcon.colcon_core.package_identification:_identify(config) by extension 'python'
[0.191s] Level 1:colcon.colcon_core.package_identification:_identify(config) by extensions ['python_setup_py']
[0.191s] Level 1:colcon.colcon_core.package_identification:_identify(config) by extension 'python_setup_py'
[0.191s] Level 1:colcon.colcon_core.package_identification:_identify(config/example) by extensions ['ignore', 'ignore_ament_install']
[0.191s] Level 1:colcon.colcon_core.package_identification:_identify(config/example) by extension 'ignore'
[0.192s] Level 1:colcon.colcon_core.package_identification:_identify(config/example) by extension 'ignore_ament_install'
[0.192s] Level 1:colcon.colcon_core.package_identification:_identify(config/example) by extensions ['colcon_pkg']
[0.192s] Level 1:colcon.colcon_core.package_identification:_identify(config/example) by extension 'colcon_pkg'
[0.192s] Level 1:colcon.colcon_core.package_identification:_identify(config/example) by extensions ['colcon_meta']
[0.192s] Level 1:colcon.colcon_core.package_identification:_identify(config/example) by extension 'colcon_meta'
[0.192s] Level 1:colcon.colcon_core.package_identification:_identify(config/example) by extensions ['ros']
[0.192s] Level 1:colcon.colcon_core.package_identification:_identify(config/example) by extension 'ros'
[0.192s] Level 1:colcon.colcon_core.package_identification:_identify(config/example) by extensions ['cmake', 'python']
[0.192s] Level 1:colcon.colcon_core.package_identification:_identify(config/example) by extension 'cmake'
[0.192s] Level 1:colcon.colcon_core.package_identification:_identify(config/example) by extension 'python'
[0.192s] Level 1:colcon.colcon_core.package_identification:_identify(config/example) by extensions ['python_setup_py']
[0.192s] Level 1:colcon.colcon_core.package_identification:_identify(config/example) by extension 'python_setup_py'
[0.192s] Level 1:colcon.colcon_core.package_identification:_identify(docs) by extensions ['ignore', 'ignore_ament_install']
[0.192s] Level 1:colcon.colcon_core.package_identification:_identify(docs) by extension 'ignore'
[0.192s] Level 1:colcon.colcon_core.package_identification:_identify(docs) by extension 'ignore_ament_install'
[0.192s] Level 1:colcon.colcon_core.package_identification:_identify(docs) by extensions ['colcon_pkg']
[0.192s] Level 1:colcon.colcon_core.package_identification:_identify(docs) by extension 'colcon_pkg'
[0.192s] Level 1:colcon.colcon_core.package_identification:_identify(docs) by extensions ['colcon_meta']
[0.192s] Level 1:colcon.colcon_core.package_identification:_identify(docs) by extension 'colcon_meta'
[0.192s] Level 1:colcon.colcon_core.package_identification:_identify(docs) by extensions ['ros']
[0.192s] Level 1:colcon.colcon_core.package_identification:_identify(docs) by extension 'ros'
[0.192s] Level 1:colcon.colcon_core.package_identification:_identify(docs) by extensions ['cmake', 'python']
[0.192s] Level 1:colcon.colcon_core.package_identification:_identify(docs) by extension 'cmake'
[0.192s] Level 1:colcon.colcon_core.package_identification:_identify(docs) by extension 'python'
[0.192s] Level 1:colcon.colcon_core.package_identification:_identify(docs) by extensions ['python_setup_py']
[0.192s] Level 1:colcon.colcon_core.package_identification:_identify(docs) by extension 'python_setup_py'
[0.192s] Level 1:colcon.colcon_core.package_identification:_identify(install) by extensions ['ignore', 'ignore_ament_install']
[0.192s] Level 1:colcon.colcon_core.package_identification:_identify(install) by extension 'ignore'
[0.192s] Level 1:colcon.colcon_core.package_identification:_identify(install) ignored
[0.192s] Level 1:colcon.colcon_core.package_identification:_identify(log) by extensions ['ignore', 'ignore_ament_install']
[0.193s] Level 1:colcon.colcon_core.package_identification:_identify(log) by extension 'ignore'
[0.193s] Level 1:colcon.colcon_core.package_identification:_identify(log) ignored
[0.193s] Level 1:colcon.colcon_core.package_identification:_identify(modules) by extensions ['ignore', 'ignore_ament_install']
[0.193s] Level 1:colcon.colcon_core.package_identification:_identify(modules) by extension 'ignore'
[0.193s] Level 1:colcon.colcon_core.package_identification:_identify(modules) by extension 'ignore_ament_install'
[0.193s] Level 1:colcon.colcon_core.package_identification:_identify(modules) by extensions ['colcon_pkg']
[0.193s] Level 1:colcon.colcon_core.package_identification:_identify(modules) by extension 'colcon_pkg'
[0.193s] Level 1:colcon.colcon_core.package_identification:_identify(modules) by extensions ['colcon_meta']
[0.193s] Level 1:colcon.colcon_core.package_identification:_identify(modules) by extension 'colcon_meta'
[0.193s] Level 1:colcon.colcon_core.package_identification:_identify(modules) by extensions ['ros']
[0.193s] Level 1:colcon.colcon_core.package_identification:_identify(modules) by extension 'ros'
[0.193s] Level 1:colcon.colcon_core.package_identification:_identify(modules) by extensions ['cmake', 'python']
[0.193s] Level 1:colcon.colcon_core.package_identification:_identify(modules) by extension 'cmake'
[0.193s] Level 1:colcon.colcon_core.package_identification:_identify(modules) by extension 'python'
[0.193s] Level 1:colcon.colcon_core.package_identification:_identify(modules) by extensions ['python_setup_py']
[0.193s] Level 1:colcon.colcon_core.package_identification:_identify(modules) by extension 'python_setup_py'
[0.193s] Level 1:colcon.colcon_core.package_identification:_identify(modules/__pycache__) by extensions ['ignore', 'ignore_ament_install']
[0.193s] Level 1:colcon.colcon_core.package_identification:_identify(modules/__pycache__) by extension 'ignore'
[0.193s] Level 1:colcon.colcon_core.package_identification:_identify(modules/__pycache__) by extension 'ignore_ament_install'
[0.193s] Level 1:colcon.colcon_core.package_identification:_identify(modules/__pycache__) by extensions ['colcon_pkg']
[0.193s] Level 1:colcon.colcon_core.package_identification:_identify(modules/__pycache__) by extension 'colcon_pkg'
[0.193s] Level 1:colcon.colcon_core.package_identification:_identify(modules/__pycache__) by extensions ['colcon_meta']
[0.193s] Level 1:colcon.colcon_core.package_identification:_identify(modules/__pycache__) by extension 'colcon_meta'
[0.193s] Level 1:colcon.colcon_core.package_identification:_identify(modules/__pycache__) by extensions ['ros']
[0.193s] Level 1:colcon.colcon_core.package_identification:_identify(modules/__pycache__) by extension 'ros'
[0.193s] Level 1:colcon.colcon_core.package_identification:_identify(modules/__pycache__) by extensions ['cmake', 'python']
[0.193s] Level 1:colcon.colcon_core.package_identification:_identify(modules/__pycache__) by extension 'cmake'
[0.193s] Level 1:colcon.colcon_core.package_identification:_identify(modules/__pycache__) by extension 'python'
[0.193s] Level 1:colcon.colcon_core.package_identification:_identify(modules/__pycache__) by extensions ['python_setup_py']
[0.193s] Level 1:colcon.colcon_core.package_identification:_identify(modules/__pycache__) by extension 'python_setup_py'
[0.193s] Level 1:colcon.colcon_core.package_identification:_identify(modules/models) by extensions ['ignore', 'ignore_ament_install']
[0.193s] Level 1:colcon.colcon_core.package_identification:_identify(modules/models) by extension 'ignore'
[0.194s] Level 1:colcon.colcon_core.package_identification:_identify(modules/models) by extension 'ignore_ament_install'
[0.194s] Level 1:colcon.colcon_core.package_identification:_identify(modules/models) by extensions ['colcon_pkg']
[0.194s] Level 1:colcon.colcon_core.package_identification:_identify(modules/models) by extension 'colcon_pkg'
[0.194s] Level 1:colcon.colcon_core.package_identification:_identify(modules/models) by extensions ['colcon_meta']
[0.194s] Level 1:colcon.colcon_core.package_identification:_identify(modules/models) by extension 'colcon_meta'
[0.194s] Level 1:colcon.colcon_core.package_identification:_identify(modules/models) by extensions ['ros']
[0.194s] Level 1:colcon.colcon_core.package_identification:_identify(modules/models) by extension 'ros'
[0.194s] Level 1:colcon.colcon_core.package_identification:_identify(modules/models) by extensions ['cmake', 'python']
[0.194s] Level 1:colcon.colcon_core.package_identification:_identify(modules/models) by extension 'cmake'
[0.194s] Level 1:colcon.colcon_core.package_identification:_identify(modules/models) by extension 'python'
[0.194s] Level 1:colcon.colcon_core.package_identification:_identify(modules/models) by extensions ['python_setup_py']
[0.194s] Level 1:colcon.colcon_core.package_identification:_identify(modules/models) by extension 'python_setup_py'
[0.194s] Level 1:colcon.colcon_core.package_identification:_identify(modules/models/Containers) by extensions ['ignore', 'ignore_ament_install']
[0.194s] Level 1:colcon.colcon_core.package_identification:_identify(modules/models/Containers) by extension 'ignore'
[0.194s] Level 1:colcon.colcon_core.package_identification:_identify(modules/models/Containers) by extension 'ignore_ament_install'
[0.194s] Level 1:colcon.colcon_core.package_identification:_identify(modules/models/Containers) by extensions ['colcon_pkg']
[0.194s] Level 1:colcon.colcon_core.package_identification:_identify(modules/models/Containers) by extension 'colcon_pkg'
[0.194s] Level 1:colcon.colcon_core.package_identification:_identify(modules/models/Containers) by extensions ['colcon_meta']
[0.194s] Level 1:colcon.colcon_core.package_identification:_identify(modules/models/Containers) by extension 'colcon_meta'
[0.194s] Level 1:colcon.colcon_core.package_identification:_identify(modules/models/Containers) by extensions ['ros']
[0.194s] Level 1:colcon.colcon_core.package_identification:_identify(modules/models/Containers) by extension 'ros'
[0.194s] Level 1:colcon.colcon_core.package_identification:_identify(modules/models/Containers) by extensions ['cmake', 'python']
[0.194s] Level 1:colcon.colcon_core.package_identification:_identify(modules/models/Containers) by extension 'cmake'
[0.194s] Level 1:colcon.colcon_core.package_identification:_identify(modules/models/Containers) by extension 'python'
[0.194s] Level 1:colcon.colcon_core.package_identification:_identify(modules/models/Containers) by extensions ['python_setup_py']
[0.194s] Level 1:colcon.colcon_core.package_identification:_identify(modules/models/Containers) by extension 'python_setup_py'
[0.194s] Level 1:colcon.colcon_core.package_identification:_identify(modules/models/Ship) by extensions ['ignore', 'ignore_ament_install']
[0.194s] Level 1:colcon.colcon_core.package_identification:_identify(modules/models/Ship) by extension 'ignore'
[0.194s] Level 1:colcon.colcon_core.package_identification:_identify(modules/models/Ship) by extension 'ignore_ament_install'
[0.194s] Level 1:colcon.colcon_core.package_identification:_identify(modules/models/Ship) by extensions ['colcon_pkg']
[0.194s] Level 1:colcon.colcon_core.package_identification:_identify(modules/models/Ship) by extension 'colcon_pkg'
[0.194s] Level 1:colcon.colcon_core.package_identification:_identify(modules/models/Ship) by extensions ['colcon_meta']
[0.194s] Level 1:colcon.colcon_core.package_identification:_identify(modules/models/Ship) by extension 'colcon_meta'
[0.195s] Level 1:colcon.colcon_core.package_identification:_identify(modules/models/Ship) by extensions ['ros']
[0.195s] Level 1:colcon.colcon_core.package_identification:_identify(modules/models/Ship) by extension 'ros'
[0.195s] Level 1:colcon.colcon_core.package_identification:_identify(modules/models/Ship) by extensions ['cmake', 'python']
[0.195s] Level 1:colcon.colcon_core.package_identification:_identify(modules/models/Ship) by extension 'cmake'
[0.195s] Level 1:colcon.colcon_core.package_identification:_identify(modules/models/Ship) by extension 'python'
[0.195s] Level 1:colcon.colcon_core.package_identification:_identify(modules/models/Ship) by extensions ['python_setup_py']
[0.195s] Level 1:colcon.colcon_core.package_identification:_identify(modules/models/Ship) by extension 'python_setup_py'
[0.195s] Level 1:colcon.colcon_core.package_identification:_identify(modules/models/tasks) by extensions ['ignore', 'ignore_ament_install']
[0.195s] Level 1:colcon.colcon_core.package_identification:_identify(modules/models/tasks) by extension 'ignore'
[0.195s] Level 1:colcon.colcon_core.package_identification:_identify(modules/models/tasks) by extension 'ignore_ament_install'
[0.195s] Level 1:colcon.colcon_core.package_identification:_identify(modules/models/tasks) by extensions ['colcon_pkg']
[0.195s] Level 1:colcon.colcon_core.package_identification:_identify(modules/models/tasks) by extension 'colcon_pkg'
[0.195s] Level 1:colcon.colcon_core.package_identification:_identify(modules/models/tasks) by extensions ['colcon_meta']
[0.195s] Level 1:colcon.colcon_core.package_identification:_identify(modules/models/tasks) by extension 'colcon_meta'
[0.195s] Level 1:colcon.colcon_core.package_identification:_identify(modules/models/tasks) by extensions ['ros']
[0.195s] Level 1:colcon.colcon_core.package_identification:_identify(modules/models/tasks) by extension 'ros'
[0.195s] Level 1:colcon.colcon_core.package_identification:_identify(modules/models/tasks) by extensions ['cmake', 'python']
[0.195s] Level 1:colcon.colcon_core.package_identification:_identify(modules/models/tasks) by extension 'cmake'
[0.195s] Level 1:colcon.colcon_core.package_identification:_identify(modules/models/tasks) by extension 'python'
[0.195s] Level 1:colcon.colcon_core.package_identification:_identify(modules/models/tasks) by extensions ['python_setup_py']
[0.195s] Level 1:colcon.colcon_core.package_identification:_identify(modules/models/tasks) by extension 'python_setup_py'
[0.195s] Level 1:colcon.colcon_core.package_identification:_identify(modules/models/texture) by extensions ['ignore', 'ignore_ament_install']
[0.195s] Level 1:colcon.colcon_core.package_identification:_identify(modules/models/texture) by extension 'ignore'
[0.195s] Level 1:colcon.colcon_core.package_identification:_identify(modules/models/texture) by extension 'ignore_ament_install'
[0.195s] Level 1:colcon.colcon_core.package_identification:_identify(modules/models/texture) by extensions ['colcon_pkg']
[0.195s] Level 1:colcon.colcon_core.package_identification:_identify(modules/models/texture) by extension 'colcon_pkg'
[0.195s] Level 1:colcon.colcon_core.package_identification:_identify(modules/models/texture) by extensions ['colcon_meta']
[0.195s] Level 1:colcon.colcon_core.package_identification:_identify(modules/models/texture) by extension 'colcon_meta'
[0.195s] Level 1:colcon.colcon_core.package_identification:_identify(modules/models/texture) by extensions ['ros']
[0.195s] Level 1:colcon.colcon_core.package_identification:_identify(modules/models/texture) by extension 'ros'
[0.195s] Level 1:colcon.colcon_core.package_identification:_identify(modules/models/texture) by extensions ['cmake', 'python']
[0.195s] Level 1:colcon.colcon_core.package_identification:_identify(modules/models/texture) by extension 'cmake'
[0.195s] Level 1:colcon.colcon_core.package_identification:_identify(modules/models/texture) by extension 'python'
[0.196s] Level 1:colcon.colcon_core.package_identification:_identify(modules/models/texture) by extensions ['python_setup_py']
[0.196s] Level 1:colcon.colcon_core.package_identification:_identify(modules/models/texture) by extension 'python_setup_py'
[0.196s] Level 1:colcon.colcon_core.package_identification:_identify(output) by extensions ['ignore', 'ignore_ament_install']
[0.196s] Level 1:colcon.colcon_core.package_identification:_identify(output) by extension 'ignore'
[0.196s] Level 1:colcon.colcon_core.package_identification:_identify(output) by extension 'ignore_ament_install'
[0.196s] Level 1:colcon.colcon_core.package_identification:_identify(output) by extensions ['colcon_pkg']
[0.196s] Level 1:colcon.colcon_core.package_identification:_identify(output) by extension 'colcon_pkg'
[0.196s] Level 1:colcon.colcon_core.package_identification:_identify(output) by extensions ['colcon_meta']
[0.196s] Level 1:colcon.colcon_core.package_identification:_identify(output) by extension 'colcon_meta'
[0.196s] Level 1:colcon.colcon_core.package_identification:_identify(output) by extensions ['ros']
[0.196s] Level 1:colcon.colcon_core.package_identification:_identify(output) by extension 'ros'
[0.196s] Level 1:colcon.colcon_core.package_identification:_identify(output) by extensions ['cmake', 'python']
[0.196s] Level 1:colcon.colcon_core.package_identification:_identify(output) by extension 'cmake'
[0.196s] Level 1:colcon.colcon_core.package_identification:_identify(output) by extension 'python'
[0.196s] Level 1:colcon.colcon_core.package_identification:_identify(output) by extensions ['python_setup_py']
[0.196s] Level 1:colcon.colcon_core.package_identification:_identify(output) by extension 'python_setup_py'
[0.196s] Level 1:colcon.colcon_core.package_identification:_identify(output/2024-07-13) by extensions ['ignore', 'ignore_ament_install']
[0.196s] Level 1:colcon.colcon_core.package_identification:_identify(output/2024-07-13) by extension 'ignore'
[0.196s] Level 1:colcon.colcon_core.package_identification:_identify(output/2024-07-13) by extension 'ignore_ament_install'
[0.196s] Level 1:colcon.colcon_core.package_identification:_identify(output/2024-07-13) by extensions ['colcon_pkg']
[0.196s] Level 1:colcon.colcon_core.package_identification:_identify(output/2024-07-13) by extension 'colcon_pkg'
[0.196s] Level 1:colcon.colcon_core.package_identification:_identify(output/2024-07-13) by extensions ['colcon_meta']
[0.196s] Level 1:colcon.colcon_core.package_identification:_identify(output/2024-07-13) by extension 'colcon_meta'
[0.196s] Level 1:colcon.colcon_core.package_identification:_identify(output/2024-07-13) by extensions ['ros']
[0.196s] Level 1:colcon.colcon_core.package_identification:_identify(output/2024-07-13) by extension 'ros'
[0.196s] Level 1:colcon.colcon_core.package_identification:_identify(output/2024-07-13) by extensions ['cmake', 'python']
[0.196s] Level 1:colcon.colcon_core.package_identification:_identify(output/2024-07-13) by extension 'cmake'
[0.196s] Level 1:colcon.colcon_core.package_identification:_identify(output/2024-07-13) by extension 'python'
[0.196s] Level 1:colcon.colcon_core.package_identification:_identify(output/2024-07-13) by extensions ['python_setup_py']
[0.196s] Level 1:colcon.colcon_core.package_identification:_identify(output/2024-07-13) by extension 'python_setup_py'
[0.196s] Level 1:colcon.colcon_core.package_identification:_identify(output/2024-07-15) by extensions ['ignore', 'ignore_ament_install']
[0.196s] Level 1:colcon.colcon_core.package_identification:_identify(output/2024-07-15) by extension 'ignore'
[0.196s] Level 1:colcon.colcon_core.package_identification:_identify(output/2024-07-15) by extension 'ignore_ament_install'
[0.197s] Level 1:colcon.colcon_core.package_identification:_identify(output/2024-07-15) by extensions ['colcon_pkg']
[0.197s] Level 1:colcon.colcon_core.package_identification:_identify(output/2024-07-15) by extension 'colcon_pkg'
[0.197s] Level 1:colcon.colcon_core.package_identification:_identify(output/2024-07-15) by extensions ['colcon_meta']
[0.197s] Level 1:colcon.colcon_core.package_identification:_identify(output/2024-07-15) by extension 'colcon_meta'
[0.197s] Level 1:colcon.colcon_core.package_identification:_identify(output/2024-07-15) by extensions ['ros']
[0.197s] Level 1:colcon.colcon_core.package_identification:_identify(output/2024-07-15) by extension 'ros'
[0.197s] Level 1:colcon.colcon_core.package_identification:_identify(output/2024-07-15) by extensions ['cmake', 'python']
[0.197s] Level 1:colcon.colcon_core.package_identification:_identify(output/2024-07-15) by extension 'cmake'
[0.197s] Level 1:colcon.colcon_core.package_identification:_identify(output/2024-07-15) by extension 'python'
[0.197s] Level 1:colcon.colcon_core.package_identification:_identify(output/2024-07-15) by extensions ['python_setup_py']
[0.197s] Level 1:colcon.colcon_core.package_identification:_identify(output/2024-07-15) by extension 'python_setup_py'
[0.197s] Level 1:colcon.colcon_core.package_identification:_identify(output/2024-07-16) by extensions ['ignore', 'ignore_ament_install']
[0.197s] Level 1:colcon.colcon_core.package_identification:_identify(output/2024-07-16) by extension 'ignore'
[0.197s] Level 1:colcon.colcon_core.package_identification:_identify(output/2024-07-16) by extension 'ignore_ament_install'
[0.197s] Level 1:colcon.colcon_core.package_identification:_identify(output/2024-07-16) by extensions ['colcon_pkg']
[0.197s] Level 1:colcon.colcon_core.package_identification:_identify(output/2024-07-16) by extension 'colcon_pkg'
[0.197s] Level 1:colcon.colcon_core.package_identification:_identify(output/2024-07-16) by extensions ['colcon_meta']
[0.197s] Level 1:colcon.colcon_core.package_identification:_identify(output/2024-07-16) by extension 'colcon_meta'
[0.197s] Level 1:colcon.colcon_core.package_identification:_identify(output/2024-07-16) by extensions ['ros']
[0.197s] Level 1:colcon.colcon_core.package_identification:_identify(output/2024-07-16) by extension 'ros'
[0.197s] Level 1:colcon.colcon_core.package_identification:_identify(output/2024-07-16) by extensions ['cmake', 'python']
[0.197s] Level 1:colcon.colcon_core.package_identification:_identify(output/2024-07-16) by extension 'cmake'
[0.197s] Level 1:colcon.colcon_core.package_identification:_identify(output/2024-07-16) by extension 'python'
[0.197s] Level 1:colcon.colcon_core.package_identification:_identify(output/2024-07-16) by extensions ['python_setup_py']
[0.197s] Level 1:colcon.colcon_core.package_identification:_identify(output/2024-07-16) by extension 'python_setup_py'
[0.197s] Level 1:colcon.colcon_core.package_identification:_identify(output/2024-07-21) by extensions ['ignore', 'ignore_ament_install']
[0.197s] Level 1:colcon.colcon_core.package_identification:_identify(output/2024-07-21) by extension 'ignore'
[0.197s] Level 1:colcon.colcon_core.package_identification:_identify(output/2024-07-21) by extension 'ignore_ament_install'
[0.197s] Level 1:colcon.colcon_core.package_identification:_identify(output/2024-07-21) by extensions ['colcon_pkg']
[0.197s] Level 1:colcon.colcon_core.package_identification:_identify(output/2024-07-21) by extension 'colcon_pkg'
[0.197s] Level 1:colcon.colcon_core.package_identification:_identify(output/2024-07-21) by extensions ['colcon_meta']
[0.197s] Level 1:colcon.colcon_core.package_identification:_identify(output/2024-07-21) by extension 'colcon_meta'
[0.197s] Level 1:colcon.colcon_core.package_identification:_identify(output/2024-07-21) by extensions ['ros']
[0.197s] Level 1:colcon.colcon_core.package_identification:_identify(output/2024-07-21) by extension 'ros'
[0.197s] Level 1:colcon.colcon_core.package_identification:_identify(output/2024-07-21) by extensions ['cmake', 'python']
[0.198s] Level 1:colcon.colcon_core.package_identification:_identify(output/2024-07-21) by extension 'cmake'
[0.198s] Level 1:colcon.colcon_core.package_identification:_identify(output/2024-07-21) by extension 'python'
[0.198s] Level 1:colcon.colcon_core.package_identification:_identify(output/2024-07-21) by extensions ['python_setup_py']
[0.198s] Level 1:colcon.colcon_core.package_identification:_identify(output/2024-07-21) by extension 'python_setup_py'
[0.198s] Level 1:colcon.colcon_core.package_identification:_identify(output/2024-07-26) by extensions ['ignore', 'ignore_ament_install']
[0.198s] Level 1:colcon.colcon_core.package_identification:_identify(output/2024-07-26) by extension 'ignore'
[0.198s] Level 1:colcon.colcon_core.package_identification:_identify(output/2024-07-26) by extension 'ignore_ament_install'
[0.198s] Level 1:colcon.colcon_core.package_identification:_identify(output/2024-07-26) by extensions ['colcon_pkg']
[0.198s] Level 1:colcon.colcon_core.package_identification:_identify(output/2024-07-26) by extension 'colcon_pkg'
[0.198s] Level 1:colcon.colcon_core.package_identification:_identify(output/2024-07-26) by extensions ['colcon_meta']
[0.198s] Level 1:colcon.colcon_core.package_identification:_identify(output/2024-07-26) by extension 'colcon_meta'
[0.198s] Level 1:colcon.colcon_core.package_identification:_identify(output/2024-07-26) by extensions ['ros']
[0.198s] Level 1:colcon.colcon_core.package_identification:_identify(output/2024-07-26) by extension 'ros'
[0.198s] Level 1:colcon.colcon_core.package_identification:_identify(output/2024-07-26) by extensions ['cmake', 'python']
[0.198s] Level 1:colcon.colcon_core.package_identification:_identify(output/2024-07-26) by extension 'cmake'
[0.198s] Level 1:colcon.colcon_core.package_identification:_identify(output/2024-07-26) by extension 'python'
[0.198s] Level 1:colcon.colcon_core.package_identification:_identify(output/2024-07-26) by extensions ['python_setup_py']
[0.198s] Level 1:colcon.colcon_core.package_identification:_identify(output/2024-07-26) by extension 'python_setup_py'
[0.198s] Level 1:colcon.colcon_core.package_identification:_identify(output/2024-07-27) by extensions ['ignore', 'ignore_ament_install']
[0.198s] Level 1:colcon.colcon_core.package_identification:_identify(output/2024-07-27) by extension 'ignore'
[0.198s] Level 1:colcon.colcon_core.package_identification:_identify(output/2024-07-27) by extension 'ignore_ament_install'
[0.198s] Level 1:colcon.colcon_core.package_identification:_identify(output/2024-07-27) by extensions ['colcon_pkg']
[0.198s] Level 1:colcon.colcon_core.package_identification:_identify(output/2024-07-27) by extension 'colcon_pkg'
[0.198s] Level 1:colcon.colcon_core.package_identification:_identify(output/2024-07-27) by extensions ['colcon_meta']
[0.198s] Level 1:colcon.colcon_core.package_identification:_identify(output/2024-07-27) by extension 'colcon_meta'
[0.198s] Level 1:colcon.colcon_core.package_identification:_identify(output/2024-07-27) by extensions ['ros']
[0.198s] Level 1:colcon.colcon_core.package_identification:_identify(output/2024-07-27) by extension 'ros'
[0.198s] Level 1:colcon.colcon_core.package_identification:_identify(output/2024-07-27) by extensions ['cmake', 'python']
[0.198s] Level 1:colcon.colcon_core.package_identification:_identify(output/2024-07-27) by extension 'cmake'
[0.198s] Level 1:colcon.colcon_core.package_identification:_identify(output/2024-07-27) by extension 'python'
[0.198s] Level 1:colcon.colcon_core.package_identification:_identify(output/2024-07-27) by extensions ['python_setup_py']
[0.198s] Level 1:colcon.colcon_core.package_identification:_identify(output/2024-07-27) by extension 'python_setup_py'
[0.198s] Level 1:colcon.colcon_core.package_identification:_identify(output/2024-09-18) by extensions ['ignore', 'ignore_ament_install']
[0.199s] Level 1:colcon.colcon_core.package_identification:_identify(output/2024-09-18) by extension 'ignore'
[0.199s] Level 1:colcon.colcon_core.package_identification:_identify(output/2024-09-18) by extension 'ignore_ament_install'
[0.199s] Level 1:colcon.colcon_core.package_identification:_identify(output/2024-09-18) by extensions ['colcon_pkg']
[0.199s] Level 1:colcon.colcon_core.package_identification:_identify(output/2024-09-18) by extension 'colcon_pkg'
[0.199s] Level 1:colcon.colcon_core.package_identification:_identify(output/2024-09-18) by extensions ['colcon_meta']
[0.199s] Level 1:colcon.colcon_core.package_identification:_identify(output/2024-09-18) by extension 'colcon_meta'
[0.199s] Level 1:colcon.colcon_core.package_identification:_identify(output/2024-09-18) by extensions ['ros']
[0.199s] Level 1:colcon.colcon_core.package_identification:_identify(output/2024-09-18) by extension 'ros'
[0.199s] Level 1:colcon.colcon_core.package_identification:_identify(output/2024-09-18) by extensions ['cmake', 'python']
[0.199s] Level 1:colcon.colcon_core.package_identification:_identify(output/2024-09-18) by extension 'cmake'
[0.199s] Level 1:colcon.colcon_core.package_identification:_identify(output/2024-09-18) by extension 'python'
[0.199s] Level 1:colcon.colcon_core.package_identification:_identify(output/2024-09-18) by extensions ['python_setup_py']
[0.199s] Level 1:colcon.colcon_core.package_identification:_identify(output/2024-09-18) by extension 'python_setup_py'
[0.199s] Level 1:colcon.colcon_core.package_identification:_identify(output/2024-10-09) by extensions ['ignore', 'ignore_ament_install']
[0.199s] Level 1:colcon.colcon_core.package_identification:_identify(output/2024-10-09) by extension 'ignore'
[0.199s] Level 1:colcon.colcon_core.package_identification:_identify(output/2024-10-09) by extension 'ignore_ament_install'
[0.199s] Level 1:colcon.colcon_core.package_identification:_identify(output/2024-10-09) by extensions ['colcon_pkg']
[0.199s] Level 1:colcon.colcon_core.package_identification:_identify(output/2024-10-09) by extension 'colcon_pkg'
[0.199s] Level 1:colcon.colcon_core.package_identification:_identify(output/2024-10-09) by extensions ['colcon_meta']
[0.199s] Level 1:colcon.colcon_core.package_identification:_identify(output/2024-10-09) by extension 'colcon_meta'
[0.199s] Level 1:colcon.colcon_core.package_identification:_identify(output/2024-10-09) by extensions ['ros']
[0.199s] Level 1:colcon.colcon_core.package_identification:_identify(output/2024-10-09) by extension 'ros'
[0.199s] Level 1:colcon.colcon_core.package_identification:_identify(output/2024-10-09) by extensions ['cmake', 'python']
[0.199s] Level 1:colcon.colcon_core.package_identification:_identify(output/2024-10-09) by extension 'cmake'
[0.199s] Level 1:colcon.colcon_core.package_identification:_identify(output/2024-10-09) by extension 'python'
[0.199s] Level 1:colcon.colcon_core.package_identification:_identify(output/2024-10-09) by extensions ['python_setup_py']
[0.199s] Level 1:colcon.colcon_core.package_identification:_identify(output/2024-10-09) by extension 'python_setup_py'
[0.199s] Level 1:colcon.colcon_core.package_identification:_identify(output/2024-11-04) by extensions ['ignore', 'ignore_ament_install']
[0.199s] Level 1:colcon.colcon_core.package_identification:_identify(output/2024-11-04) by extension 'ignore'
[0.199s] Level 1:colcon.colcon_core.package_identification:_identify(output/2024-11-04) by extension 'ignore_ament_install'
[0.200s] Level 1:colcon.colcon_core.package_identification:_identify(output/2024-11-04) by extensions ['colcon_pkg']
[0.200s] Level 1:colcon.colcon_core.package_identification:_identify(output/2024-11-04) by extension 'colcon_pkg'
[0.200s] Level 1:colcon.colcon_core.package_identification:_identify(output/2024-11-04) by extensions ['colcon_meta']
[0.200s] Level 1:colcon.colcon_core.package_identification:_identify(output/2024-11-04) by extension 'colcon_meta'
[0.200s] Level 1:colcon.colcon_core.package_identification:_identify(output/2024-11-04) by extensions ['ros']
[0.200s] Level 1:colcon.colcon_core.package_identification:_identify(output/2024-11-04) by extension 'ros'
[0.200s] Level 1:colcon.colcon_core.package_identification:_identify(output/2024-11-04) by extensions ['cmake', 'python']
[0.200s] Level 1:colcon.colcon_core.package_identification:_identify(output/2024-11-04) by extension 'cmake'
[0.200s] Level 1:colcon.colcon_core.package_identification:_identify(output/2024-11-04) by extension 'python'
[0.200s] Level 1:colcon.colcon_core.package_identification:_identify(output/2024-11-04) by extensions ['python_setup_py']
[0.200s] Level 1:colcon.colcon_core.package_identification:_identify(output/2024-11-04) by extension 'python_setup_py'
[0.200s] Level 1:colcon.colcon_core.package_identification:_identify(output/2024-11-05) by extensions ['ignore', 'ignore_ament_install']
[0.200s] Level 1:colcon.colcon_core.package_identification:_identify(output/2024-11-05) by extension 'ignore'
[0.200s] Level 1:colcon.colcon_core.package_identification:_identify(output/2024-11-05) by extension 'ignore_ament_install'
[0.200s] Level 1:colcon.colcon_core.package_identification:_identify(output/2024-11-05) by extensions ['colcon_pkg']
[0.200s] Level 1:colcon.colcon_core.package_identification:_identify(output/2024-11-05) by extension 'colcon_pkg'
[0.200s] Level 1:colcon.colcon_core.package_identification:_identify(output/2024-11-05) by extensions ['colcon_meta']
[0.200s] Level 1:colcon.colcon_core.package_identification:_identify(output/2024-11-05) by extension 'colcon_meta'
[0.200s] Level 1:colcon.colcon_core.package_identification:_identify(output/2024-11-05) by extensions ['ros']
[0.200s] Level 1:colcon.colcon_core.package_identification:_identify(output/2024-11-05) by extension 'ros'
[0.200s] Level 1:colcon.colcon_core.package_identification:_identify(output/2024-11-05) by extensions ['cmake', 'python']
[0.200s] Level 1:colcon.colcon_core.package_identification:_identify(output/2024-11-05) by extension 'cmake'
[0.200s] Level 1:colcon.colcon_core.package_identification:_identify(output/2024-11-05) by extension 'python'
[0.200s] Level 1:colcon.colcon_core.package_identification:_identify(output/2024-11-05) by extensions ['python_setup_py']
[0.200s] Level 1:colcon.colcon_core.package_identification:_identify(output/2024-11-05) by extension 'python_setup_py'
[0.200s] Level 1:colcon.colcon_core.package_identification:_identify(output/2024-11-06) by extensions ['ignore', 'ignore_ament_install']
[0.200s] Level 1:colcon.colcon_core.package_identification:_identify(output/2024-11-06) by extension 'ignore'
[0.200s] Level 1:colcon.colcon_core.package_identification:_identify(output/2024-11-06) by extension 'ignore_ament_install'
[0.200s] Level 1:colcon.colcon_core.package_identification:_identify(output/2024-11-06) by extensions ['colcon_pkg']
[0.200s] Level 1:colcon.colcon_core.package_identification:_identify(output/2024-11-06) by extension 'colcon_pkg'
[0.201s] Level 1:colcon.colcon_core.package_identification:_identify(output/2024-11-06) by extensions ['colcon_meta']
[0.201s] Level 1:colcon.colcon_core.package_identification:_identify(output/2024-11-06) by extension 'colcon_meta'
[0.201s] Level 1:colcon.colcon_core.package_identification:_identify(output/2024-11-06) by extensions ['ros']
[0.201s] Level 1:colcon.colcon_core.package_identification:_identify(output/2024-11-06) by extension 'ros'
[0.201s] Level 1:colcon.colcon_core.package_identification:_identify(output/2024-11-06) by extensions ['cmake', 'python']
[0.201s] Level 1:colcon.colcon_core.package_identification:_identify(output/2024-11-06) by extension 'cmake'
[0.201s] Level 1:colcon.colcon_core.package_identification:_identify(output/2024-11-06) by extension 'python'
[0.201s] Level 1:colcon.colcon_core.package_identification:_identify(output/2024-11-06) by extensions ['python_setup_py']
[0.201s] Level 1:colcon.colcon_core.package_identification:_identify(output/2024-11-06) by extension 'python_setup_py'
[0.201s] Level 1:colcon.colcon_core.package_identification:_identify(output/2024-11-07) by extensions ['ignore', 'ignore_ament_install']
[0.201s] Level 1:colcon.colcon_core.package_identification:_identify(output/2024-11-07) by extension 'ignore'
[0.201s] Level 1:colcon.colcon_core.package_identification:_identify(output/2024-11-07) by extension 'ignore_ament_install'
[0.201s] Level 1:colcon.colcon_core.package_identification:_identify(output/2024-11-07) by extensions ['colcon_pkg']
[0.201s] Level 1:colcon.colcon_core.package_identification:_identify(output/2024-11-07) by extension 'colcon_pkg'
[0.201s] Level 1:colcon.colcon_core.package_identification:_identify(output/2024-11-07) by extensions ['colcon_meta']
[0.201s] Level 1:colcon.colcon_core.package_identification:_identify(output/2024-11-07) by extension 'colcon_meta'
[0.201s] Level 1:colcon.colcon_core.package_identification:_identify(output/2024-11-07) by extensions ['ros']
[0.201s] Level 1:colcon.colcon_core.package_identification:_identify(output/2024-11-07) by extension 'ros'
[0.201s] Level 1:colcon.colcon_core.package_identification:_identify(output/2024-11-07) by extensions ['cmake', 'python']
[0.201s] Level 1:colcon.colcon_core.package_identification:_identify(output/2024-11-07) by extension 'cmake'
[0.201s] Level 1:colcon.colcon_core.package_identification:_identify(output/2024-11-07) by extension 'python'
[0.201s] Level 1:colcon.colcon_core.package_identification:_identify(output/2024-11-07) by extensions ['python_setup_py']
[0.201s] Level 1:colcon.colcon_core.package_identification:_identify(output/2024-11-07) by extension 'python_setup_py'
[0.201s] Level 1:colcon.colcon_core.package_identification:_identify(output/2024-11-08) by extensions ['ignore', 'ignore_ament_install']
[0.201s] Level 1:colcon.colcon_core.package_identification:_identify(output/2024-11-08) by extension 'ignore'
[0.201s] Level 1:colcon.colcon_core.package_identification:_identify(output/2024-11-08) by extension 'ignore_ament_install'
[0.201s] Level 1:colcon.colcon_core.package_identification:_identify(output/2024-11-08) by extensions ['colcon_pkg']
[0.201s] Level 1:colcon.colcon_core.package_identification:_identify(output/2024-11-08) by extension 'colcon_pkg'
[0.201s] Level 1:colcon.colcon_core.package_identification:_identify(output/2024-11-08) by extensions ['colcon_meta']
[0.201s] Level 1:colcon.colcon_core.package_identification:_identify(output/2024-11-08) by extension 'colcon_meta'
[0.201s] Level 1:colcon.colcon_core.package_identification:_identify(output/2024-11-08) by extensions ['ros']
[0.201s] Level 1:colcon.colcon_core.package_identification:_identify(output/2024-11-08) by extension 'ros'
[0.201s] Level 1:colcon.colcon_core.package_identification:_identify(output/2024-11-08) by extensions ['cmake', 'python']
[0.202s] Level 1:colcon.colcon_core.package_identification:_identify(output/2024-11-08) by extension 'cmake'
[0.202s] Level 1:colcon.colcon_core.package_identification:_identify(output/2024-11-08) by extension 'python'
[0.202s] Level 1:colcon.colcon_core.package_identification:_identify(output/2024-11-08) by extensions ['python_setup_py']
[0.202s] Level 1:colcon.colcon_core.package_identification:_identify(output/2024-11-08) by extension 'python_setup_py'
[0.202s] Level 1:colcon.colcon_core.package_identification:_identify(output/2024-11-09) by extensions ['ignore', 'ignore_ament_install']
[0.202s] Level 1:colcon.colcon_core.package_identification:_identify(output/2024-11-09) by extension 'ignore'
[0.202s] Level 1:colcon.colcon_core.package_identification:_identify(output/2024-11-09) by extension 'ignore_ament_install'
[0.202s] Level 1:colcon.colcon_core.package_identification:_identify(output/2024-11-09) by extensions ['colcon_pkg']
[0.202s] Level 1:colcon.colcon_core.package_identification:_identify(output/2024-11-09) by extension 'colcon_pkg'
[0.202s] Level 1:colcon.colcon_core.package_identification:_identify(output/2024-11-09) by extensions ['colcon_meta']
[0.202s] Level 1:colcon.colcon_core.package_identification:_identify(output/2024-11-09) by extension 'colcon_meta'
[0.202s] Level 1:colcon.colcon_core.package_identification:_identify(output/2024-11-09) by extensions ['ros']
[0.202s] Level 1:colcon.colcon_core.package_identification:_identify(output/2024-11-09) by extension 'ros'
[0.202s] Level 1:colcon.colcon_core.package_identification:_identify(output/2024-11-09) by extensions ['cmake', 'python']
[0.202s] Level 1:colcon.colcon_core.package_identification:_identify(output/2024-11-09) by extension 'cmake'
[0.202s] Level 1:colcon.colcon_core.package_identification:_identify(output/2024-11-09) by extension 'python'
[0.202s] Level 1:colcon.colcon_core.package_identification:_identify(output/2024-11-09) by extensions ['python_setup_py']
[0.202s] Level 1:colcon.colcon_core.package_identification:_identify(output/2024-11-09) by extension 'python_setup_py'
[0.202s] Level 1:colcon.colcon_core.package_identification:_identify(output/2024-11-10) by extensions ['ignore', 'ignore_ament_install']
[0.202s] Level 1:colcon.colcon_core.package_identification:_identify(output/2024-11-10) by extension 'ignore'
[0.202s] Level 1:colcon.colcon_core.package_identification:_identify(output/2024-11-10) by extension 'ignore_ament_install'
[0.202s] Level 1:colcon.colcon_core.package_identification:_identify(output/2024-11-10) by extensions ['colcon_pkg']
[0.202s] Level 1:colcon.colcon_core.package_identification:_identify(output/2024-11-10) by extension 'colcon_pkg'
[0.202s] Level 1:colcon.colcon_core.package_identification:_identify(output/2024-11-10) by extensions ['colcon_meta']
[0.202s] Level 1:colcon.colcon_core.package_identification:_identify(output/2024-11-10) by extension 'colcon_meta'
[0.202s] Level 1:colcon.colcon_core.package_identification:_identify(output/2024-11-10) by extensions ['ros']
[0.202s] Level 1:colcon.colcon_core.package_identification:_identify(output/2024-11-10) by extension 'ros'
[0.202s] Level 1:colcon.colcon_core.package_identification:_identify(output/2024-11-10) by extensions ['cmake', 'python']
[0.202s] Level 1:colcon.colcon_core.package_identification:_identify(output/2024-11-10) by extension 'cmake'
[0.202s] Level 1:colcon.colcon_core.package_identification:_identify(output/2024-11-10) by extension 'python'
[0.202s] Level 1:colcon.colcon_core.package_identification:_identify(output/2024-11-10) by extensions ['python_setup_py']
[0.202s] Level 1:colcon.colcon_core.package_identification:_identify(output/2024-11-10) by extension 'python_setup_py'
[0.202s] Level 1:colcon.colcon_core.package_identification:_identify(output/2024-11-11) by extensions ['ignore', 'ignore_ament_install']
[0.203s] Level 1:colcon.colcon_core.package_identification:_identify(output/2024-11-11) by extension 'ignore'
[0.203s] Level 1:colcon.colcon_core.package_identification:_identify(output/2024-11-11) by extension 'ignore_ament_install'
[0.203s] Level 1:colcon.colcon_core.package_identification:_identify(output/2024-11-11) by extensions ['colcon_pkg']
[0.203s] Level 1:colcon.colcon_core.package_identification:_identify(output/2024-11-11) by extension 'colcon_pkg'
[0.203s] Level 1:colcon.colcon_core.package_identification:_identify(output/2024-11-11) by extensions ['colcon_meta']
[0.203s] Level 1:colcon.colcon_core.package_identification:_identify(output/2024-11-11) by extension 'colcon_meta'
[0.203s] Level 1:colcon.colcon_core.package_identification:_identify(output/2024-11-11) by extensions ['ros']
[0.203s] Level 1:colcon.colcon_core.package_identification:_identify(output/2024-11-11) by extension 'ros'
[0.203s] Level 1:colcon.colcon_core.package_identification:_identify(output/2024-11-11) by extensions ['cmake', 'python']
[0.203s] Level 1:colcon.colcon_core.package_identification:_identify(output/2024-11-11) by extension 'cmake'
[0.203s] Level 1:colcon.colcon_core.package_identification:_identify(output/2024-11-11) by extension 'python'
[0.203s] Level 1:colcon.colcon_core.package_identification:_identify(output/2024-11-11) by extensions ['python_setup_py']
[0.203s] Level 1:colcon.colcon_core.package_identification:_identify(output/2024-11-11) by extension 'python_setup_py'
[0.203s] Level 1:colcon.colcon_core.package_identification:_identify(output/2024-11-12) by extensions ['ignore', 'ignore_ament_install']
[0.203s] Level 1:colcon.colcon_core.package_identification:_identify(output/2024-11-12) by extension 'ignore'
[0.203s] Level 1:colcon.colcon_core.package_identification:_identify(output/2024-11-12) by extension 'ignore_ament_install'
[0.203s] Level 1:colcon.colcon_core.package_identification:_identify(output/2024-11-12) by extensions ['colcon_pkg']
[0.203s] Level 1:colcon.colcon_core.package_identification:_identify(output/2024-11-12) by extension 'colcon_pkg'
[0.203s] Level 1:colcon.colcon_core.package_identification:_identify(output/2024-11-12) by extensions ['colcon_meta']
[0.203s] Level 1:colcon.colcon_core.package_identification:_identify(output/2024-11-12) by extension 'colcon_meta'
[0.203s] Level 1:colcon.colcon_core.package_identification:_identify(output/2024-11-12) by extensions ['ros']
[0.203s] Level 1:colcon.colcon_core.package_identification:_identify(output/2024-11-12) by extension 'ros'
[0.203s] Level 1:colcon.colcon_core.package_identification:_identify(output/2024-11-12) by extensions ['cmake', 'python']
[0.203s] Level 1:colcon.colcon_core.package_identification:_identify(output/2024-11-12) by extension 'cmake'
[0.203s] Level 1:colcon.colcon_core.package_identification:_identify(output/2024-11-12) by extension 'python'
[0.203s] Level 1:colcon.colcon_core.package_identification:_identify(output/2024-11-12) by extensions ['python_setup_py']
[0.203s] Level 1:colcon.colcon_core.package_identification:_identify(output/2024-11-12) by extension 'python_setup_py'
[0.203s] Level 1:colcon.colcon_core.package_identification:_identify(plugins) by extensions ['ignore', 'ignore_ament_install']
[0.203s] Level 1:colcon.colcon_core.package_identification:_identify(plugins) by extension 'ignore'
[0.203s] Level 1:colcon.colcon_core.package_identification:_identify(plugins) by extension 'ignore_ament_install'
[0.203s] Level 1:colcon.colcon_core.package_identification:_identify(plugins) by extensions ['colcon_pkg']
[0.203s] Level 1:colcon.colcon_core.package_identification:_identify(plugins) by extension 'colcon_pkg'
[0.204s] Level 1:colcon.colcon_core.package_identification:_identify(plugins) by extensions ['colcon_meta']
[0.204s] Level 1:colcon.colcon_core.package_identification:_identify(plugins) by extension 'colcon_meta'
[0.204s] Level 1:colcon.colcon_core.package_identification:_identify(plugins) by extensions ['ros']
[0.204s] Level 1:colcon.colcon_core.package_identification:_identify(plugins) by extension 'ros'
[0.204s] Level 1:colcon.colcon_core.package_identification:_identify(plugins) by extensions ['cmake', 'python']
[0.204s] Level 1:colcon.colcon_core.package_identification:_identify(plugins) by extension 'cmake'
[0.204s] Level 1:colcon.colcon_core.package_identification:_identify(plugins) by extension 'python'
[0.204s] Level 1:colcon.colcon_core.package_identification:_identify(plugins) by extensions ['python_setup_py']
[0.204s] Level 1:colcon.colcon_core.package_identification:_identify(plugins) by extension 'python_setup_py'
[0.204s] Level 1:colcon.colcon_core.package_identification:_identify(plugins/__pycache__) by extensions ['ignore', 'ignore_ament_install']
[0.204s] Level 1:colcon.colcon_core.package_identification:_identify(plugins/__pycache__) by extension 'ignore'
[0.204s] Level 1:colcon.colcon_core.package_identification:_identify(plugins/__pycache__) by extension 'ignore_ament_install'
[0.204s] Level 1:colcon.colcon_core.package_identification:_identify(plugins/__pycache__) by extensions ['colcon_pkg']
[0.204s] Level 1:colcon.colcon_core.package_identification:_identify(plugins/__pycache__) by extension 'colcon_pkg'
[0.204s] Level 1:colcon.colcon_core.package_identification:_identify(plugins/__pycache__) by extensions ['colcon_meta']
[0.204s] Level 1:colcon.colcon_core.package_identification:_identify(plugins/__pycache__) by extension 'colcon_meta'
[0.204s] Level 1:colcon.colcon_core.package_identification:_identify(plugins/__pycache__) by extensions ['ros']
[0.204s] Level 1:colcon.colcon_core.package_identification:_identify(plugins/__pycache__) by extension 'ros'
[0.204s] Level 1:colcon.colcon_core.package_identification:_identify(plugins/__pycache__) by extensions ['cmake', 'python']
[0.204s] Level 1:colcon.colcon_core.package_identification:_identify(plugins/__pycache__) by extension 'cmake'
[0.204s] Level 1:colcon.colcon_core.package_identification:_identify(plugins/__pycache__) by extension 'python'
[0.204s] Level 1:colcon.colcon_core.package_identification:_identify(plugins/__pycache__) by extensions ['python_setup_py']
[0.204s] Level 1:colcon.colcon_core.package_identification:_identify(plugins/__pycache__) by extension 'python_setup_py'
[0.204s] Level 1:colcon.colcon_core.package_identification:_identify(plugins/cbaa) by extensions ['ignore', 'ignore_ament_install']
[0.204s] Level 1:colcon.colcon_core.package_identification:_identify(plugins/cbaa) by extension 'ignore'
[0.204s] Level 1:colcon.colcon_core.package_identification:_identify(plugins/cbaa) by extension 'ignore_ament_install'
[0.204s] Level 1:colcon.colcon_core.package_identification:_identify(plugins/cbaa) by extensions ['colcon_pkg']
[0.204s] Level 1:colcon.colcon_core.package_identification:_identify(plugins/cbaa) by extension 'colcon_pkg'
[0.204s] Level 1:colcon.colcon_core.package_identification:_identify(plugins/cbaa) by extensions ['colcon_meta']
[0.204s] Level 1:colcon.colcon_core.package_identification:_identify(plugins/cbaa) by extension 'colcon_meta'
[0.204s] Level 1:colcon.colcon_core.package_identification:_identify(plugins/cbaa) by extensions ['ros']
[0.204s] Level 1:colcon.colcon_core.package_identification:_identify(plugins/cbaa) by extension 'ros'
[0.204s] Level 1:colcon.colcon_core.package_identification:_identify(plugins/cbaa) by extensions ['cmake', 'python']
[0.204s] Level 1:colcon.colcon_core.package_identification:_identify(plugins/cbaa) by extension 'cmake'
[0.205s] Level 1:colcon.colcon_core.package_identification:_identify(plugins/cbaa) by extension 'python'
[0.205s] Level 1:colcon.colcon_core.package_identification:_identify(plugins/cbaa) by extensions ['python_setup_py']
[0.205s] Level 1:colcon.colcon_core.package_identification:_identify(plugins/cbaa) by extension 'python_setup_py'
[0.205s] Level 1:colcon.colcon_core.package_identification:_identify(plugins/cbaa/result) by extensions ['ignore', 'ignore_ament_install']
[0.205s] Level 1:colcon.colcon_core.package_identification:_identify(plugins/cbaa/result) by extension 'ignore'
[0.205s] Level 1:colcon.colcon_core.package_identification:_identify(plugins/cbaa/result) by extension 'ignore_ament_install'
[0.205s] Level 1:colcon.colcon_core.package_identification:_identify(plugins/cbaa/result) by extensions ['colcon_pkg']
[0.205s] Level 1:colcon.colcon_core.package_identification:_identify(plugins/cbaa/result) by extension 'colcon_pkg'
[0.205s] Level 1:colcon.colcon_core.package_identification:_identify(plugins/cbaa/result) by extensions ['colcon_meta']
[0.205s] Level 1:colcon.colcon_core.package_identification:_identify(plugins/cbaa/result) by extension 'colcon_meta'
[0.205s] Level 1:colcon.colcon_core.package_identification:_identify(plugins/cbaa/result) by extensions ['ros']
[0.205s] Level 1:colcon.colcon_core.package_identification:_identify(plugins/cbaa/result) by extension 'ros'
[0.205s] Level 1:colcon.colcon_core.package_identification:_identify(plugins/cbaa/result) by extensions ['cmake', 'python']
[0.205s] Level 1:colcon.colcon_core.package_identification:_identify(plugins/cbaa/result) by extension 'cmake'
[0.205s] Level 1:colcon.colcon_core.package_identification:_identify(plugins/cbaa/result) by extension 'python'
[0.205s] Level 1:colcon.colcon_core.package_identification:_identify(plugins/cbaa/result) by extensions ['python_setup_py']
[0.205s] Level 1:colcon.colcon_core.package_identification:_identify(plugins/cbaa/result) by extension 'python_setup_py'
[0.205s] Level 1:colcon.colcon_core.package_identification:_identify(plugins/cbba) by extensions ['ignore', 'ignore_ament_install']
[0.205s] Level 1:colcon.colcon_core.package_identification:_identify(plugins/cbba) by extension 'ignore'
[0.205s] Level 1:colcon.colcon_core.package_identification:_identify(plugins/cbba) by extension 'ignore_ament_install'
[0.205s] Level 1:colcon.colcon_core.package_identification:_identify(plugins/cbba) by extensions ['colcon_pkg']
[0.205s] Level 1:colcon.colcon_core.package_identification:_identify(plugins/cbba) by extension 'colcon_pkg'
[0.205s] Level 1:colcon.colcon_core.package_identification:_identify(plugins/cbba) by extensions ['colcon_meta']
[0.205s] Level 1:colcon.colcon_core.package_identification:_identify(plugins/cbba) by extension 'colcon_meta'
[0.205s] Level 1:colcon.colcon_core.package_identification:_identify(plugins/cbba) by extensions ['ros']
[0.205s] Level 1:colcon.colcon_core.package_identification:_identify(plugins/cbba) by extension 'ros'
[0.205s] Level 1:colcon.colcon_core.package_identification:_identify(plugins/cbba) by extensions ['cmake', 'python']
[0.205s] Level 1:colcon.colcon_core.package_identification:_identify(plugins/cbba) by extension 'cmake'
[0.205s] Level 1:colcon.colcon_core.package_identification:_identify(plugins/cbba) by extension 'python'
[0.205s] Level 1:colcon.colcon_core.package_identification:_identify(plugins/cbba) by extensions ['python_setup_py']
[0.205s] Level 1:colcon.colcon_core.package_identification:_identify(plugins/cbba) by extension 'python_setup_py'
[0.205s] Level 1:colcon.colcon_core.package_identification:_identify(plugins/cbba/__pycache__) by extensions ['ignore', 'ignore_ament_install']
[0.205s] Level 1:colcon.colcon_core.package_identification:_identify(plugins/cbba/__pycache__) by extension 'ignore'
[0.205s] Level 1:colcon.colcon_core.package_identification:_identify(plugins/cbba/__pycache__) by extension 'ignore_ament_install'
[0.206s] Level 1:colcon.colcon_core.package_identification:_identify(plugins/cbba/__pycache__) by extensions ['colcon_pkg']
[0.206s] Level 1:colcon.colcon_core.package_identification:_identify(plugins/cbba/__pycache__) by extension 'colcon_pkg'
[0.206s] Level 1:colcon.colcon_core.package_identification:_identify(plugins/cbba/__pycache__) by extensions ['colcon_meta']
[0.206s] Level 1:colcon.colcon_core.package_identification:_identify(plugins/cbba/__pycache__) by extension 'colcon_meta'
[0.206s] Level 1:colcon.colcon_core.package_identification:_identify(plugins/cbba/__pycache__) by extensions ['ros']
[0.206s] Level 1:colcon.colcon_core.package_identification:_identify(plugins/cbba/__pycache__) by extension 'ros'
[0.206s] Level 1:colcon.colcon_core.package_identification:_identify(plugins/cbba/__pycache__) by extensions ['cmake', 'python']
[0.206s] Level 1:colcon.colcon_core.package_identification:_identify(plugins/cbba/__pycache__) by extension 'cmake'
[0.206s] Level 1:colcon.colcon_core.package_identification:_identify(plugins/cbba/__pycache__) by extension 'python'
[0.206s] Level 1:colcon.colcon_core.package_identification:_identify(plugins/cbba/__pycache__) by extensions ['python_setup_py']
[0.206s] Level 1:colcon.colcon_core.package_identification:_identify(plugins/cbba/__pycache__) by extension 'python_setup_py'
[0.206s] Level 1:colcon.colcon_core.package_identification:_identify(plugins/cbba/result) by extensions ['ignore', 'ignore_ament_install']
[0.206s] Level 1:colcon.colcon_core.package_identification:_identify(plugins/cbba/result) by extension 'ignore'
[0.206s] Level 1:colcon.colcon_core.package_identification:_identify(plugins/cbba/result) by extension 'ignore_ament_install'
[0.206s] Level 1:colcon.colcon_core.package_identification:_identify(plugins/cbba/result) by extensions ['colcon_pkg']
[0.206s] Level 1:colcon.colcon_core.package_identification:_identify(plugins/cbba/result) by extension 'colcon_pkg'
[0.206s] Level 1:colcon.colcon_core.package_identification:_identify(plugins/cbba/result) by extensions ['colcon_meta']
[0.206s] Level 1:colcon.colcon_core.package_identification:_identify(plugins/cbba/result) by extension 'colcon_meta'
[0.206s] Level 1:colcon.colcon_core.package_identification:_identify(plugins/cbba/result) by extensions ['ros']
[0.206s] Level 1:colcon.colcon_core.package_identification:_identify(plugins/cbba/result) by extension 'ros'
[0.206s] Level 1:colcon.colcon_core.package_identification:_identify(plugins/cbba/result) by extensions ['cmake', 'python']
[0.206s] Level 1:colcon.colcon_core.package_identification:_identify(plugins/cbba/result) by extension 'cmake'
[0.206s] Level 1:colcon.colcon_core.package_identification:_identify(plugins/cbba/result) by extension 'python'
[0.206s] Level 1:colcon.colcon_core.package_identification:_identify(plugins/cbba/result) by extensions ['python_setup_py']
[0.206s] Level 1:colcon.colcon_core.package_identification:_identify(plugins/cbba/result) by extension 'python_setup_py'
[0.206s] Level 1:colcon.colcon_core.package_identification:_identify(plugins/grape) by extensions ['ignore', 'ignore_ament_install']
[0.206s] Level 1:colcon.colcon_core.package_identification:_identify(plugins/grape) by extension 'ignore'
[0.206s] Level 1:colcon.colcon_core.package_identification:_identify(plugins/grape) by extension 'ignore_ament_install'
[0.206s] Level 1:colcon.colcon_core.package_identification:_identify(plugins/grape) by extensions ['colcon_pkg']
[0.206s] Level 1:colcon.colcon_core.package_identification:_identify(plugins/grape) by extension 'colcon_pkg'
[0.206s] Level 1:colcon.colcon_core.package_identification:_identify(plugins/grape) by extensions ['colcon_meta']
[0.206s] Level 1:colcon.colcon_core.package_identification:_identify(plugins/grape) by extension 'colcon_meta'
[0.206s] Level 1:colcon.colcon_core.package_identification:_identify(plugins/grape) by extensions ['ros']
[0.206s] Level 1:colcon.colcon_core.package_identification:_identify(plugins/grape) by extension 'ros'
[0.207s] Level 1:colcon.colcon_core.package_identification:_identify(plugins/grape) by extensions ['cmake', 'python']
[0.207s] Level 1:colcon.colcon_core.package_identification:_identify(plugins/grape) by extension 'cmake'
[0.207s] Level 1:colcon.colcon_core.package_identification:_identify(plugins/grape) by extension 'python'
[0.207s] Level 1:colcon.colcon_core.package_identification:_identify(plugins/grape) by extensions ['python_setup_py']
[0.207s] Level 1:colcon.colcon_core.package_identification:_identify(plugins/grape) by extension 'python_setup_py'
[0.207s] Level 1:colcon.colcon_core.package_identification:_identify(plugins/grape/assets) by extensions ['ignore', 'ignore_ament_install']
[0.207s] Level 1:colcon.colcon_core.package_identification:_identify(plugins/grape/assets) by extension 'ignore'
[0.207s] Level 1:colcon.colcon_core.package_identification:_identify(plugins/grape/assets) by extension 'ignore_ament_install'
[0.207s] Level 1:colcon.colcon_core.package_identification:_identify(plugins/grape/assets) by extensions ['colcon_pkg']
[0.207s] Level 1:colcon.colcon_core.package_identification:_identify(plugins/grape/assets) by extension 'colcon_pkg'
[0.207s] Level 1:colcon.colcon_core.package_identification:_identify(plugins/grape/assets) by extensions ['colcon_meta']
[0.207s] Level 1:colcon.colcon_core.package_identification:_identify(plugins/grape/assets) by extension 'colcon_meta'
[0.207s] Level 1:colcon.colcon_core.package_identification:_identify(plugins/grape/assets) by extensions ['ros']
[0.207s] Level 1:colcon.colcon_core.package_identification:_identify(plugins/grape/assets) by extension 'ros'
[0.207s] Level 1:colcon.colcon_core.package_identification:_identify(plugins/grape/assets) by extensions ['cmake', 'python']
[0.207s] Level 1:colcon.colcon_core.package_identification:_identify(plugins/grape/assets) by extension 'cmake'
[0.207s] Level 1:colcon.colcon_core.package_identification:_identify(plugins/grape/assets) by extension 'python'
[0.207s] Level 1:colcon.colcon_core.package_identification:_identify(plugins/grape/assets) by extensions ['python_setup_py']
[0.207s] Level 1:colcon.colcon_core.package_identification:_identify(plugins/grape/assets) by extension 'python_setup_py'
[0.207s] Level 1:colcon.colcon_core.package_identification:_identify(plugins/grape/result) by extensions ['ignore', 'ignore_ament_install']
[0.207s] Level 1:colcon.colcon_core.package_identification:_identify(plugins/grape/result) by extension 'ignore'
[0.207s] Level 1:colcon.colcon_core.package_identification:_identify(plugins/grape/result) by extension 'ignore_ament_install'
[0.207s] Level 1:colcon.colcon_core.package_identification:_identify(plugins/grape/result) by extensions ['colcon_pkg']
[0.207s] Level 1:colcon.colcon_core.package_identification:_identify(plugins/grape/result) by extension 'colcon_pkg'
[0.207s] Level 1:colcon.colcon_core.package_identification:_identify(plugins/grape/result) by extensions ['colcon_meta']
[0.207s] Level 1:colcon.colcon_core.package_identification:_identify(plugins/grape/result) by extension 'colcon_meta'
[0.207s] Level 1:colcon.colcon_core.package_identification:_identify(plugins/grape/result) by extensions ['ros']
[0.207s] Level 1:colcon.colcon_core.package_identification:_identify(plugins/grape/result) by extension 'ros'
[0.207s] Level 1:colcon.colcon_core.package_identification:_identify(plugins/grape/result) by extensions ['cmake', 'python']
[0.207s] Level 1:colcon.colcon_core.package_identification:_identify(plugins/grape/result) by extension 'cmake'
[0.207s] Level 1:colcon.colcon_core.package_identification:_identify(plugins/grape/result) by extension 'python'
[0.207s] Level 1:colcon.colcon_core.package_identification:_identify(plugins/grape/result) by extensions ['python_setup_py']
[0.207s] Level 1:colcon.colcon_core.package_identification:_identify(plugins/grape/result) by extension 'python_setup_py'
[0.207s] Level 1:colcon.colcon_core.package_identification:_identify(plugins/greedy) by extensions ['ignore', 'ignore_ament_install']
[0.208s] Level 1:colcon.colcon_core.package_identification:_identify(plugins/greedy) by extension 'ignore'
[0.208s] Level 1:colcon.colcon_core.package_identification:_identify(plugins/greedy) by extension 'ignore_ament_install'
[0.208s] Level 1:colcon.colcon_core.package_identification:_identify(plugins/greedy) by extensions ['colcon_pkg']
[0.208s] Level 1:colcon.colcon_core.package_identification:_identify(plugins/greedy) by extension 'colcon_pkg'
[0.208s] Level 1:colcon.colcon_core.package_identification:_identify(plugins/greedy) by extensions ['colcon_meta']
[0.208s] Level 1:colcon.colcon_core.package_identification:_identify(plugins/greedy) by extension 'colcon_meta'
[0.208s] Level 1:colcon.colcon_core.package_identification:_identify(plugins/greedy) by extensions ['ros']
[0.208s] Level 1:colcon.colcon_core.package_identification:_identify(plugins/greedy) by extension 'ros'
[0.208s] Level 1:colcon.colcon_core.package_identification:_identify(plugins/greedy) by extensions ['cmake', 'python']
[0.208s] Level 1:colcon.colcon_core.package_identification:_identify(plugins/greedy) by extension 'cmake'
[0.208s] Level 1:colcon.colcon_core.package_identification:_identify(plugins/greedy) by extension 'python'
[0.208s] Level 1:colcon.colcon_core.package_identification:_identify(plugins/greedy) by extensions ['python_setup_py']
[0.208s] Level 1:colcon.colcon_core.package_identification:_identify(plugins/greedy) by extension 'python_setup_py'
[0.208s] Level 1:colcon.colcon_core.package_identification:_identify(plugins/greedy/result) by extensions ['ignore', 'ignore_ament_install']
[0.208s] Level 1:colcon.colcon_core.package_identification:_identify(plugins/greedy/result) by extension 'ignore'
[0.208s] Level 1:colcon.colcon_core.package_identification:_identify(plugins/greedy/result) by extension 'ignore_ament_install'
[0.208s] Level 1:colcon.colcon_core.package_identification:_identify(plugins/greedy/result) by extensions ['colcon_pkg']
[0.208s] Level 1:colcon.colcon_core.package_identification:_identify(plugins/greedy/result) by extension 'colcon_pkg'
[0.208s] Level 1:colcon.colcon_core.package_identification:_identify(plugins/greedy/result) by extensions ['colcon_meta']
[0.208s] Level 1:colcon.colcon_core.package_identification:_identify(plugins/greedy/result) by extension 'colcon_meta'
[0.208s] Level 1:colcon.colcon_core.package_identification:_identify(plugins/greedy/result) by extensions ['ros']
[0.208s] Level 1:colcon.colcon_core.package_identification:_identify(plugins/greedy/result) by extension 'ros'
[0.208s] Level 1:colcon.colcon_core.package_identification:_identify(plugins/greedy/result) by extensions ['cmake', 'python']
[0.208s] Level 1:colcon.colcon_core.package_identification:_identify(plugins/greedy/result) by extension 'cmake'
[0.208s] Level 1:colcon.colcon_core.package_identification:_identify(plugins/greedy/result) by extension 'python'
[0.208s] Level 1:colcon.colcon_core.package_identification:_identify(plugins/greedy/result) by extensions ['python_setup_py']
[0.208s] Level 1:colcon.colcon_core.package_identification:_identify(plugins/greedy/result) by extension 'python_setup_py'
[0.208s] Level 1:colcon.colcon_core.package_discovery:discover_packages(recursive) using defaults
[0.208s] Level 1:colcon.colcon_core.package_discovery:discover_packages(ignore) discover
[0.208s] Level 1:colcon.colcon_core.package_discovery:discover_packages(ignore) using defaults
[0.208s] Level 1:colcon.colcon_core.package_discovery:discover_packages(path) discover
[0.208s] Level 1:colcon.colcon_core.package_discovery:discover_packages(path) using defaults
[0.222s] Level 1:colcon.colcon_core.package_discovery:discover_packages(prefix_path) check parameters
[0.222s] Level 1:colcon.colcon_core.package_discovery:discover_packages(prefix_path) discover
[0.224s] DEBUG:colcon.colcon_installed_package_information.package_discovery:Found 377 installed packages in /opt/ros/humble
[0.225s] Level 1:colcon.colcon_core.package_discovery:discover_packages(prefix_path) using defaults
[0.263s] INFO:colcon.colcon_core.executor:Executing jobs using 'parallel' executor
[0.264s] DEBUG:colcon.colcon_parallel_executor.executor.parallel:run_until_complete
[0.264s] DEBUG:colcon.colcon_parallel_executor.executor.parallel:closing loop
[0.264s] DEBUG:colcon.colcon_parallel_executor.executor.parallel:loop closed
[0.264s] DEBUG:colcon.colcon_parallel_executor.executor.parallel:run_until_complete finished with '0'
[0.264s] DEBUG:colcon.colcon_core.event_reactor:joining thread
[0.267s] INFO:colcon.colcon_core.plugin_system:Skipping extension 'colcon_notification.desktop_notification.terminal_notifier': Not used on non-Darwin systems
[0.267s] INFO:colcon.colcon_core.plugin_system:Skipping extension 'colcon_notification.desktop_notification.win32': Not used on non-Windows systems
[0.267s] INFO:colcon.colcon_notification.desktop_notification:Sending desktop notification using 'notify2'
[0.272s] DEBUG:colcon.colcon_core.event_reactor:joined thread
[0.273s] INFO:colcon.colcon_core.plugin_system:Skipping extension 'colcon_core.shell.bat': Not used on non-Windows systems
[0.273s] INFO:colcon.colcon_core.shell:Creating prefix script '/home/minji/spade-simulator/install/local_setup.ps1'
[0.274s] INFO:colcon.colcon_core.shell:Creating prefix util module '/home/minji/spade-simulator/install/_local_setup_util_ps1.py'
[0.275s] INFO:colcon.colcon_core.shell:Creating prefix chain script '/home/minji/spade-simulator/install/setup.ps1'
[0.275s] INFO:colcon.colcon_core.shell:Creating prefix script '/home/minji/spade-simulator/install/local_setup.sh'
[0.276s] INFO:colcon.colcon_core.shell:Creating prefix util module '/home/minji/spade-simulator/install/_local_setup_util_sh.py'
[0.276s] INFO:colcon.colcon_core.shell:Creating prefix chain script '/home/minji/spade-simulator/install/setup.sh'
[0.277s] INFO:colcon.colcon_core.shell:Creating prefix script '/home/minji/spade-simulator/install/local_setup.bash'
[0.277s] INFO:colcon.colcon_core.shell:Creating prefix chain script '/home/minji/spade-simulator/install/setup.bash'
[0.278s] INFO:colcon.colcon_core.shell:Creating prefix script '/home/minji/spade-simulator/install/local_setup.zsh'
[0.278s] INFO:colcon.colcon_core.shell:Creating prefix chain script '/home/minji/spade-simulator/install/setup.zsh'
